<?xml version="1.0" encoding="UTF-8"?>
<!-- Generated by org.testng.reporters.JUnitReportReporter -->
<testsuite skipped="0" hostname="SaranyaPC" name="Academy.ValidateNavigationBarTest" tests="1" failures="0" timestamp="2020-05-05T15:23:42 IST" time="0.091" errors="0">
  <testcase name="validateNavigationBar" time="0.091" classname="Academy.ValidateNavigationBarTest"/>
  <system-out/>
</testsuite> <!-- Academy.ValidateNavigationBarTest -->
