<?xml version="1.0" encoding="UTF-8"?>
<!-- Generated by org.testng.reporters.JUnitReportReporter -->
<testsuite skipped="0" hostname="SaranyaPC" name="Academy.HomePageTest" tests="1" failures="0" timestamp="2020-05-03T13:32:51 IST" time="13.634" errors="0">
  <testcase name="basePageNavigation" time="13.634" classname="Academy.HomePageTest"/>
  <system-out/>
</testsuite> <!-- Academy.HomePageTest -->
