<?xml version="1.0" encoding="UTF-8"?>
<!-- Generated by org.testng.reporters.JUnitReportReporter -->
<testsuite skipped="0" hostname="SaranyaPC" name="Academy.SeleniumTest" tests="2" failures="0" timestamp="2020-05-02T19:21:53 IST" time="0.005" errors="0">
  <testcase name="open" time="0.000" classname="Academy.SeleniumTest"/>
  <system-out/>
  <testcase name="close" time="0.005" classname="Academy.SeleniumTest"/>
  <system-out/>
</testsuite> <!-- Academy.SeleniumTest -->
